<?xml version="1.0" encoding="UTF-8"?>
<testsuite name="people" tests="2" skipped="0" failures="0" errors="0" timestamp="2021-10-09T21:26:28" hostname="DESKTOP-81MN0C2" time="6.112">
  <properties/>
  <testcase name="testPeopleStarWarsError()" classname="people" time="4.966"/>
  <testcase name="testPeopleStarWars()" classname="people" time="1.142"/>
  <system-out><![CDATA[]]></system-out>
  <system-err><![CDATA[]]></system-err>
</testsuite>
